<?xml version="1.0" encoding="UTF-8"?>
<testng-results skipped="0" failed="0" ignored="0" total="1" passed="1">
  <reporter-output>
  </reporter-output>
  <suite name="Default suite" duration-ms="36" started-at="2021-01-05T08:55:58Z" finished-at="2021-01-05T08:55:58Z">
    <groups>
    </groups>
    <test name="Default test" duration-ms="36" started-at="2021-01-05T08:55:58Z" finished-at="2021-01-05T08:55:58Z">
      <class name="com.interactions.automation.interactions.WriteToCSVAndCompare">
        <test-method status="PASS" signature="testReadThenWriteToCSVFile()[pri:0, instance:com.interactions.automation.interactions.WriteToCSVAndCompare@490ab905]" name="testReadThenWriteToCSVFile" duration-ms="13" started-at="2021-01-05T08:55:58Z" finished-at="2021-01-05T08:55:58Z">
          <reporter-output>
          </reporter-output>
        </test-method> <!-- testReadThenWriteToCSVFile -->
      </class> <!-- com.interactions.automation.interactions.WriteToCSVAndCompare -->
    </test> <!-- Default test -->
  </suite> <!-- Default suite -->
</testng-results>
